<?xml version="1.0" encoding="UTF-8"?>
<robot generator="Robot 7.0 (Python 3.9.6 on win32)" generated="2025-05-08T17:25:41.252112" rpa="false" schemaversion="5">
<suite id="s1" name="Login Testcases" source="C:\Phawat\work\practice_tester\login_practiceautomate\resource\login_testcases.robot">
<test id="s1-t1" name="Testcase1_PositiveLogIntest" line="8">
<kw name="Open to website" owner="login_keywords" type="SETUP">
<kw name="Open Browser" owner="Selenium2Library">
<msg time="2025-05-08T17:25:41.465200" level="INFO">Opening browser 'chrome' to base url 'https://practicetestautomation.com/practice-test-login/'.</msg>
<arg>${url}</arg>
<arg>${browser}</arg>
<doc>Opens a new browser instance to the optional ``url``.</doc>
<status status="PASS" start="2025-05-08T17:25:41.465200" elapsed="4.779376"/>
</kw>
<kw name="Maximize Browser Window" owner="Selenium2Library">
<doc>Maximizes current browser window.</doc>
<status status="PASS" start="2025-05-08T17:25:46.245567" elapsed="0.025002"/>
</kw>
<doc>Opens the browser and navigates to the specified website URL, then maximizes the browser window.</doc>
<status status="PASS" start="2025-05-08T17:25:41.464156" elapsed="4.806413"/>
</kw>
<kw name="Given Login to website" owner="login_keywords">
<kw name="Wait Until Element Is Enabled" owner="Selenium2Library">
<arg>${username_input}</arg>
<doc>Waits until the element ``locator`` is enabled.</doc>
<status status="PASS" start="2025-05-08T17:25:46.273566" elapsed="0.044001"/>
</kw>
<kw name="Input Text" owner="Selenium2Library">
<msg time="2025-05-08T17:25:46.318566" level="INFO">Typing text 'student' into text field '//input[@id = "username"]'.</msg>
<arg>${username_input}</arg>
<arg>${username}</arg>
<doc>Types the given ``text`` into the text field identified by ``locator``.</doc>
<status status="PASS" start="2025-05-08T17:25:46.317567" elapsed="0.097001"/>
</kw>
<kw name="Wait Until Element Is Enabled" owner="Selenium2Library">
<arg>${password_input}</arg>
<doc>Waits until the element ``locator`` is enabled.</doc>
<status status="PASS" start="2025-05-08T17:25:46.415569" elapsed="0.027002"/>
</kw>
<kw name="Input Text" owner="Selenium2Library">
<msg time="2025-05-08T17:25:46.442571" level="INFO">Typing text 'Password123' into text field '//input[@id = "password"]'.</msg>
<arg>${password_input}</arg>
<arg>${password}</arg>
<doc>Types the given ``text`` into the text field identified by ``locator``.</doc>
<status status="PASS" start="2025-05-08T17:25:46.442571" elapsed="0.100032"/>
</kw>
<kw name="Wait Until Element Is Enabled" owner="Selenium2Library">
<arg>${submit_button}</arg>
<doc>Waits until the element ``locator`` is enabled.</doc>
<status status="PASS" start="2025-05-08T17:25:46.543594" elapsed="0.021470"/>
</kw>
<kw name="Click Element" owner="Selenium2Library">
<msg time="2025-05-08T17:25:46.565586" level="INFO">Clicking element '//button[@id = "submit"]'.</msg>
<arg>${submit_button}</arg>
<doc>Click the element identified by ``locator``.</doc>
<status status="PASS" start="2025-05-08T17:25:46.565064" elapsed="0.707505"/>
</kw>
<arg>student</arg>
<arg>Password123</arg>
<doc>Logs into the website by entering the username and password, then clicking the login button.</doc>
<status status="PASS" start="2025-05-08T17:25:46.272571" elapsed="0.999998"/>
</kw>
<kw name="Then Verify new page URL after login success" owner="verify_keywords">
<kw name="Location Should Be" owner="Selenium2Library">
<msg time="2025-05-08T17:25:47.282969" level="INFO">Current location is 'https://practicetestautomation.com/logged-in-successfully/'.</msg>
<arg>https://practicetestautomation.com/logged-in-successfully/</arg>
<doc>Verifies that the current URL is exactly ``url``.</doc>
<status status="PASS" start="2025-05-08T17:25:47.274294" elapsed="0.008675"/>
</kw>
<doc>Verifies that the current URL after a successful login matches the expected URL.</doc>
<status status="PASS" start="2025-05-08T17:25:47.273618" elapsed="0.009887"/>
</kw>
<kw name="And Verify new page contains expected text after login success" owner="verify_keywords">
<kw name="Run Keyword And Ignore Error" owner="BuiltIn">
<kw name="Page Should Contain" owner="Selenium2Library">
<msg time="2025-05-08T17:25:47.305459" level="INFO">Current page contains text 'Congratulations'.</msg>
<arg>Congratulations</arg>
<doc>Verifies that current page contains ``text``.</doc>
<status status="PASS" start="2025-05-08T17:25:47.284566" elapsed="0.021449"/>
</kw>
<msg time="2025-05-08T17:25:47.306558" level="INFO">${congrat_text} = ('PASS', None)</msg>
<var>${congrat_text}</var>
<arg>Page Should Contain</arg>
<arg>Congratulations</arg>
<doc>Runs the given keyword with the given arguments and ignores possible error.</doc>
<status status="PASS" start="2025-05-08T17:25:47.284566" elapsed="0.022531"/>
</kw>
<kw name="Run Keyword And Ignore Error" owner="BuiltIn">
<kw name="Page Should Contain" owner="Selenium2Library">
<msg time="2025-05-08T17:25:47.328156" level="INFO">Current page contains text 'successfully logged in'.</msg>
<arg>successfully logged in</arg>
<doc>Verifies that current page contains ``text``.</doc>
<status status="PASS" start="2025-05-08T17:25:47.308703" elapsed="0.019845"/>
</kw>
<msg time="2025-05-08T17:25:47.328548" level="INFO">${success_text} = ('PASS', None)</msg>
<var>${success_text}</var>
<arg>Page Should Contain</arg>
<arg>successfully logged in</arg>
<doc>Runs the given keyword with the given arguments and ignores possible error.</doc>
<status status="PASS" start="2025-05-08T17:25:47.308136" elapsed="0.020412"/>
</kw>
<kw name="Set Variable" owner="BuiltIn">
<msg time="2025-05-08T17:25:47.329079" level="INFO">${congrat_status} = PASS</msg>
<var>${congrat_status}</var>
<arg>${congrat_text}[0]</arg>
<doc>Returns the given values which can then be assigned to a variables.</doc>
<status status="PASS" start="2025-05-08T17:25:47.328548" elapsed="0.000531"/>
</kw>
<kw name="Set Variable" owner="BuiltIn">
<msg time="2025-05-08T17:25:47.329602" level="INFO">${success_status} = PASS</msg>
<var>${success_status}</var>
<arg>${success_text}[0]</arg>
<doc>Returns the given values which can then be assigned to a variables.</doc>
<status status="PASS" start="2025-05-08T17:25:47.329602" elapsed="0.000000"/>
</kw>
<if>
<branch type="IF" condition="'${congrat_status}' == 'PASS'">
<kw name="Log" owner="BuiltIn">
<msg time="2025-05-08T17:25:47.330163" level="INFO">expected Congratulations text is shown</msg>
<arg>expected Congratulations text is shown</arg>
<doc>Logs the given message with the given level.</doc>
<status status="PASS" start="2025-05-08T17:25:47.330163" elapsed="0.000518"/>
</kw>
<status status="PASS" start="2025-05-08T17:25:47.330163" elapsed="0.000553"/>
</branch>
<branch type="ELSE IF" condition="'${success_status}' == 'PASS'">
<kw name="Log" owner="BuiltIn">
<arg>expected 'successfully logged in' text is shown</arg>
<doc>Logs the given message with the given level.</doc>
<status status="NOT RUN" start="2025-05-08T17:25:47.330716" elapsed="0.000000"/>
</kw>
<status status="NOT RUN" start="2025-05-08T17:25:47.330716" elapsed="0.000000"/>
</branch>
<branch type="ELSE">
<kw name="Fail" owner="BuiltIn">
<arg>Neither 'Congratulations' nor 'successfully logged in' was found.</arg>
<doc>Fails the test with the given message and optionally alters its tags.</doc>
<status status="NOT RUN" start="2025-05-08T17:25:47.330716" elapsed="0.000536"/>
</kw>
<status status="NOT RUN" start="2025-05-08T17:25:47.330716" elapsed="0.000536"/>
</branch>
<status status="PASS" start="2025-05-08T17:25:47.330163" elapsed="0.001089"/>
</if>
<doc>Verifies the presence of either 'Congratulations' or 'successfully logged in' text on the page after login.</doc>
<status status="PASS" start="2025-05-08T17:25:47.284024" elapsed="0.047228"/>
</kw>
<kw name="When Logout from website" owner="login_keywords">
<kw name="Wait Until Element Is Enabled" owner="Selenium2Library">
<arg>${logout_button}</arg>
<doc>Waits until the element ``locator`` is enabled.</doc>
<status status="PASS" start="2025-05-08T17:25:47.332294" elapsed="0.017036"/>
</kw>
<kw name="Click Element" owner="Selenium2Library">
<msg time="2025-05-08T17:25:47.350330" level="INFO">Clicking element '//a[text() = "Log out"]'.</msg>
<arg>${logout_button}</arg>
<doc>Click the element identified by ``locator``.</doc>
<status status="PASS" start="2025-05-08T17:25:47.349330" elapsed="0.478833"/>
</kw>
<doc>Logs out of the website by clicking the logout button after ensuring it is enabled.</doc>
<status status="PASS" start="2025-05-08T17:25:47.331780" elapsed="0.496383"/>
</kw>
<kw name="Then Verify new page URL after logout" owner="verify_keywords">
<kw name="Location Should Be" owner="Selenium2Library">
<msg time="2025-05-08T17:25:47.834162" level="INFO">Current location is 'https://practicetestautomation.com/practice-test-login/'.</msg>
<arg>https://practicetestautomation.com/practice-test-login/</arg>
<doc>Verifies that the current URL is exactly ``url``.</doc>
<status status="PASS" start="2025-05-08T17:25:47.829183" elapsed="0.004979"/>
</kw>
<doc>Verifies that the current URL after logging out matches the expected login page URL.</doc>
<status status="PASS" start="2025-05-08T17:25:47.829183" elapsed="0.004979"/>
</kw>
<kw name="Close Browser" owner="Selenium2Library" type="TEARDOWN">
<doc>Closes the current browser.</doc>
<status status="PASS" start="2025-05-08T17:25:47.835164" elapsed="2.137852"/>
</kw>
<tag>Positivetest</tag>
<status status="PASS" start="2025-05-08T17:25:41.463194" elapsed="8.510750"/>
</test>
<test id="s1-t2" name="Testcase2_Negativeusernametest" line="17">
<kw name="Open to website" owner="login_keywords" type="SETUP">
<kw name="Open Browser" owner="Selenium2Library">
<msg time="2025-05-08T17:25:49.978934" level="INFO">Opening browser 'chrome' to base url 'https://practicetestautomation.com/practice-test-login/'.</msg>
<arg>${url}</arg>
<arg>${browser}</arg>
<doc>Opens a new browser instance to the optional ``url``.</doc>
<status status="PASS" start="2025-05-08T17:25:49.978934" elapsed="4.682494"/>
</kw>
<kw name="Maximize Browser Window" owner="Selenium2Library">
<doc>Maximizes current browser window.</doc>
<status status="PASS" start="2025-05-08T17:25:54.662426" elapsed="0.023128"/>
</kw>
<doc>Opens the browser and navigates to the specified website URL, then maximizes the browser window.</doc>
<status status="PASS" start="2025-05-08T17:25:49.978012" elapsed="4.707542"/>
</kw>
<kw name="Given Login to website" owner="login_keywords">
<kw name="Wait Until Element Is Enabled" owner="Selenium2Library">
<arg>${username_input}</arg>
<doc>Waits until the element ``locator`` is enabled.</doc>
<status status="PASS" start="2025-05-08T17:25:54.689562" elapsed="0.041991"/>
</kw>
<kw name="Input Text" owner="Selenium2Library">
<msg time="2025-05-08T17:25:54.734551" level="INFO">Typing text 'incorrectUser' into text field '//input[@id = "username"]'.</msg>
<arg>${username_input}</arg>
<arg>${username}</arg>
<doc>Types the given ``text`` into the text field identified by ``locator``.</doc>
<status status="PASS" start="2025-05-08T17:25:54.733552" elapsed="0.091998"/>
</kw>
<kw name="Wait Until Element Is Enabled" owner="Selenium2Library">
<arg>${password_input}</arg>
<doc>Waits until the element ``locator`` is enabled.</doc>
<status status="PASS" start="2025-05-08T17:25:54.826554" elapsed="0.023998"/>
</kw>
<kw name="Input Text" owner="Selenium2Library">
<msg time="2025-05-08T17:25:54.851571" level="INFO">Typing text 'Password123' into text field '//input[@id = "password"]'.</msg>
<arg>${password_input}</arg>
<arg>${password}</arg>
<doc>Types the given ``text`` into the text field identified by ``locator``.</doc>
<status status="PASS" start="2025-05-08T17:25:54.850552" elapsed="0.070002"/>
</kw>
<kw name="Wait Until Element Is Enabled" owner="Selenium2Library">
<arg>${submit_button}</arg>
<doc>Waits until the element ``locator`` is enabled.</doc>
<status status="PASS" start="2025-05-08T17:25:54.921567" elapsed="0.017988"/>
</kw>
<kw name="Click Element" owner="Selenium2Library">
<msg time="2025-05-08T17:25:54.939555" level="INFO">Clicking element '//button[@id = "submit"]'.</msg>
<arg>${submit_button}</arg>
<doc>Click the element identified by ``locator``.</doc>
<status status="PASS" start="2025-05-08T17:25:54.939555" elapsed="0.046996"/>
</kw>
<arg>incorrectUser</arg>
<arg>Password123</arg>
<doc>Logs into the website by entering the username and password, then clicking the login button.</doc>
<status status="PASS" start="2025-05-08T17:25:54.687561" elapsed="0.300002"/>
</kw>
<kw name="Then Verify error message text when username incorrect" owner="verify_keywords">
<kw name="Page Should Contain" owner="Selenium2Library">
<msg time="2025-05-08T17:25:55.000551" level="INFO">Current page contains text 'Your username is invalid!'.</msg>
<arg>Your username is invalid!</arg>
<doc>Verifies that current page contains ``text``.</doc>
<status status="PASS" start="2025-05-08T17:25:54.990557" elapsed="0.009994"/>
</kw>
<doc>Verifies the error message shown when an invalid username is entered.</doc>
<status status="PASS" start="2025-05-08T17:25:54.989556" elapsed="0.011996"/>
</kw>
<kw name="Close Browser" owner="Selenium2Library" type="TEARDOWN">
<doc>Closes the current browser.</doc>
<status status="PASS" start="2025-05-08T17:25:55.001552" elapsed="2.147564"/>
</kw>
<tag>Negativetes</tag>
<status status="PASS" start="2025-05-08T17:25:49.976963" elapsed="7.173020"/>
</test>
<test id="s1-t3" name="Testcase3_Negativepasswordtest" line="23">
<kw name="Open to website" owner="login_keywords" type="SETUP">
<kw name="Open Browser" owner="Selenium2Library">
<msg time="2025-05-08T17:25:57.156071" level="INFO">Opening browser 'chrome' to base url 'https://practicetestautomation.com/practice-test-login/'.</msg>
<arg>${url}</arg>
<arg>${browser}</arg>
<doc>Opens a new browser instance to the optional ``url``.</doc>
<status status="PASS" start="2025-05-08T17:25:57.155069" elapsed="4.876240"/>
</kw>
<kw name="Maximize Browser Window" owner="Selenium2Library">
<doc>Maximizes current browser window.</doc>
<status status="PASS" start="2025-05-08T17:26:02.032327" elapsed="0.033010"/>
</kw>
<doc>Opens the browser and navigates to the specified website URL, then maximizes the browser window.</doc>
<status status="PASS" start="2025-05-08T17:25:57.155069" elapsed="4.911267"/>
</kw>
<kw name="Given Login to website" owner="login_keywords">
<kw name="Wait Until Element Is Enabled" owner="Selenium2Library">
<arg>${username_input}</arg>
<doc>Waits until the element ``locator`` is enabled.</doc>
<status status="PASS" start="2025-05-08T17:26:02.067311" elapsed="0.046995"/>
</kw>
<kw name="Input Text" owner="Selenium2Library">
<msg time="2025-05-08T17:26:02.115305" level="INFO">Typing text 'student' into text field '//input[@id = "username"]'.</msg>
<arg>${username_input}</arg>
<arg>${username}</arg>
<doc>Types the given ``text`` into the text field identified by ``locator``.</doc>
<status status="PASS" start="2025-05-08T17:26:02.114306" elapsed="0.087000"/>
</kw>
<kw name="Wait Until Element Is Enabled" owner="Selenium2Library">
<arg>${password_input}</arg>
<doc>Waits until the element ``locator`` is enabled.</doc>
<status status="PASS" start="2025-05-08T17:26:02.201306" elapsed="0.023000"/>
</kw>
<kw name="Input Text" owner="Selenium2Library">
<msg time="2025-05-08T17:26:02.224306" level="INFO">Typing text 'incorrectPassword' into text field '//input[@id = "password"]'.</msg>
<arg>${password_input}</arg>
<arg>${password}</arg>
<doc>Types the given ``text`` into the text field identified by ``locator``.</doc>
<status status="PASS" start="2025-05-08T17:26:02.224306" elapsed="0.078005"/>
</kw>
<kw name="Wait Until Element Is Enabled" owner="Selenium2Library">
<arg>${submit_button}</arg>
<doc>Waits until the element ``locator`` is enabled.</doc>
<status status="PASS" start="2025-05-08T17:26:02.302311" elapsed="0.029749"/>
</kw>
<kw name="Click Element" owner="Selenium2Library">
<msg time="2025-05-08T17:26:02.332604" level="INFO">Clicking element '//button[@id = "submit"]'.</msg>
<arg>${submit_button}</arg>
<doc>Click the element identified by ``locator``.</doc>
<status status="PASS" start="2025-05-08T17:26:02.332604" elapsed="0.049716"/>
</kw>
<arg>student</arg>
<arg>incorrectPassword</arg>
<doc>Logs into the website by entering the username and password, then clicking the login button.</doc>
<status status="PASS" start="2025-05-08T17:26:02.067311" elapsed="0.315009"/>
</kw>
<kw name="Then Verify error message text when password incorrect" owner="verify_keywords">
<kw name="Page Should Contain" owner="Selenium2Library">
<msg time="2025-05-08T17:26:02.399316" level="INFO">Current page contains text 'Your password is invalid!'.</msg>
<arg>Your password is invalid!</arg>
<doc>Verifies that current page contains ``text``.</doc>
<status status="PASS" start="2025-05-08T17:26:02.383317" elapsed="0.015999"/>
</kw>
<doc>Verifies the error message shown when an invalid password is entered.</doc>
<status status="PASS" start="2025-05-08T17:26:02.383317" elapsed="0.015999"/>
</kw>
<kw name="Close Browser" owner="Selenium2Library" type="TEARDOWN">
<doc>Closes the current browser.</doc>
<status status="PASS" start="2025-05-08T17:26:02.399316" elapsed="2.178491"/>
</kw>
<tag>Negativetest</tag>
<status status="PASS" start="2025-05-08T17:25:57.153989" elapsed="7.424353"/>
</test>
<status status="PASS" start="2025-05-08T17:25:41.254114" elapsed="23.325822"/>
</suite>
<statistics>
<total>
<stat pass="3" fail="0" skip="0">All Tests</stat>
</total>
<tag>
<stat pass="1" fail="0" skip="0">Negativetes</stat>
<stat pass="1" fail="0" skip="0">Negativetest</stat>
<stat pass="1" fail="0" skip="0">Positivetest</stat>
</tag>
<suite>
<stat pass="3" fail="0" skip="0" id="s1" name="Login Testcases">Login Testcases</stat>
</suite>
</statistics>
<errors>
</errors>
</robot>
